<?xml version="1.0" encoding="UTF-8"?>
<!-- Generated by org.testng.reporters.JUnitReportReporter -->
<testsuite hostname="DESKTOP-PQGSTH5" failures="0" tests="1" name="com.bankingproject.testdata.LoginTestVerification" time="24.611" errors="0" timestamp="2024-04-04T20:15:24 IST" skipped="0">
  <testcase classname="com.bankingproject.testdata.LoginTestVerification" name="logintest" time="24.611"/>
  <system-out/>
</testsuite> <!-- com.bankingproject.testdata.LoginTestVerification -->
